<?xml version="1.0" encoding="UTF-8"?>
<!-- Generated by org.testng.reporters.JUnitReportReporter -->
<testsuite skipped="0" hostname="DESKTOP-3VL0V9C" name="com.model.MercuryTestDemo" tests="3" failures="0" timestamp="13 Sep 2019 08:16:05 GMT" time="76.410" errors="0">
  <testcase name="loginwithvalidds1" time="28.875" classname="com.model.MercuryTestDemo"/>
  <testcase name="loginwithvalidds2" time="44.781" classname="com.model.MercuryTestDemo"/>
  <testcase name="loginwithinvalidds3" time="2.754" classname="com.model.MercuryTestDemo"/>
</testsuite> <!-- com.model.MercuryTestDemo -->
